<?xml version="1.0" encoding="UTF-8"?>
<!-- Generated by org.testng.reporters.JUnitReportReporter -->
<testsuite hostname="LAPTOP-D23D5UM1" failures="0" tests="3" name="loanapplications.PersonalLoanAppTest" time="0.008" errors="0" timestamp="2022-09-28T10:11:09 IST" skipped="0">
  <testcase classname="loanapplications.PersonalLoanAppTest" name="PersonalLoanLoginWeb" time="0.002"/>
  <system-out/>
  <testcase classname="loanapplications.PersonalLoanAppTest" name="PersonalLoanLoginMobile" time="0.000"/>
  <system-out/>
  <testcase classname="loanapplications.PersonalLoanAppTest" name="PersonalLoanLoginAPI" time="0.006"/>
  <system-out/>
</testsuite> <!-- loanapplications.PersonalLoanAppTest -->
