<?xml version="1.0" encoding="UTF-8"?>
<!-- Generated by org.testng.reporters.JUnitReportReporter -->
<testsuite hostname="LAPTOP-D23D5UM1" failures="0" tests="1" name="loanapplications.HomeLoanAppTest" time="0.001" errors="0" timestamp="2022-09-28T09:33:46 IST" skipped="0">
  <testcase classname="loanapplications.HomeLoanAppTest" name="APIHomeLoan" time="0.001"/>
  <system-out/>
</testsuite> <!-- loanapplications.HomeLoanAppTest -->
