<?xml version="1.0" encoding="UTF-8"?>
<!-- Generated by org.testng.reporters.JUnitReportReporter -->
<testsuite hostname="LAPTOP-D23D5UM1" failures="0" tests="3" name="loanapplications.HomeLoanAppTest" time="0.017" errors="0" timestamp="2022-10-01T18:06:52 IST" skipped="0">
  <testcase classname="loanapplications.HomeLoanAppTest" name="APIHomeLoan" time="0.011"/>
  <system-out/>
  <testcase classname="loanapplications.HomeLoanAppTest" name="WebHomeLoan" time="0.002"/>
  <system-out/>
  <testcase classname="loanapplications.HomeLoanAppTest" name="MobileHomeLoan" time="0.004"/>
  <system-out/>
</testsuite> <!-- loanapplications.HomeLoanAppTest -->
