<?xml version="1.0" encoding="UTF-8"?>
<!-- Generated by org.testng.reporters.JUnitReportReporter -->
<testsuite hostname="LAPTOP-D23D5UM1" failures="0" tests="3" name="loanapplications.CarLoanAppTest" time="0.012" errors="0" timestamp="2022-09-28T10:11:29 IST" skipped="1">
  <testcase classname="loanapplications.CarLoanAppTest" name="CarLoanLoginWeb" time="0.011"/>
  <system-out/>
  <testcase classname="loanapplications.CarLoanAppTest" name="CarLoanLoginApi" time="0.001"/>
  <system-out/>
  <testcase classname="loanapplications.CarLoanAppTest" name="CarLoanLoginMobile">
    <skipped/>
  </testcase> <!-- CarLoanLoginMobile -->
  <system-out/>
</testsuite> <!-- loanapplications.CarLoanAppTest -->
