<?xml version="1.0" encoding="UTF-8"?>
<!-- Generated by org.testng.reporters.JUnitReportReporter -->
<testsuite hostname="LAPTOP-D23D5UM1" failures="0" tests="1" name="testpkg.sample2" time="0.001" errors="0" timestamp="2022-09-27T11:59:55 IST" skipped="0">
  <testcase classname="testpkg.sample2" name="demo2" time="0.001"/>
  <system-out/>
</testsuite> <!-- testpkg.sample2 -->
