<?xml version="1.0" encoding="UTF-8"?>
<!-- Generated by org.testng.reporters.JUnitReportReporter -->
<testsuite hostname="LAPTOP-D23D5UM1" failures="0" tests="1" name="com.test.RegisterTest" time="11.888" errors="0" timestamp="2022-10-04T15:10:51 IST" skipped="0">
  <testcase classname="com.test.RegisterTest" name="f" time="11.888"/>
  <system-out/>
</testsuite> <!-- com.test.RegisterTest -->
