<?xml version="1.0" encoding="UTF-8"?>
<!-- Generated by org.testng.reporters.JUnitReportReporter -->
<testsuite hostname="LAPTOP-D23D5UM1" failures="0" tests="1" name="com.test.LoginTest" time="7.748" errors="0" timestamp="2022-10-04T15:10:51 IST" skipped="0">
  <testcase classname="com.test.LoginTest" name="facebook" time="7.748"/>
  <system-out/>
</testsuite> <!-- com.test.LoginTest -->
