<?xml version="1.0" encoding="UTF-8"?>
<!-- Generated by org.testng.reporters.JUnitReportReporter -->
<testsuite hostname="LAPTOP-D23D5UM1" failures="0" tests="7" name="com.demo.FlipkartTestChrome" time="35.935" errors="0" timestamp="2022-10-11T16:31:04 IST" skipped="0">
  <testcase classname="com.demo.FlipkartTestChrome" name="closeLogin" time="0.843"/>
  <system-out/>
  <testcase classname="com.demo.FlipkartTestChrome" name="scroll" time="7.061"/>
  <system-out/>
  <testcase classname="com.demo.FlipkartTestChrome" name="searchProduct" time="5.735"/>
  <system-out/>
  <testcase classname="com.demo.FlipkartTestChrome" name="loadImage" time="10.920"/>
  <system-out/>
  <testcase classname="com.demo.FlipkartTestChrome" name="scrollFrequency" time="2.809"/>
  <system-out/>
  <testcase classname="com.demo.FlipkartTestChrome" name="downloadImages" time="0.467"/>
  <system-out/>
  <testcase classname="com.demo.FlipkartTestChrome" name="screenResolution" time="8.100"/>
  <system-out/>
</testsuite> <!-- com.demo.FlipkartTestChrome -->
